<?xml version="1.0" encoding="UTF-8"?>
<!-- Generated by org.testng.reporters.JUnitXMLReporter -->
<testsuite ignored="2" hostname="Binitas-MacBook-Pro.local" failures="1" tests="2" name="Smoke Test" time="14.824" errors="0" timestamp="2023-07-26T19:30:52 PDT">
  <testcase classname="testNGbasics.UsingAnnotationsAndKeywords" name="positiveMenuLinkFunctionalityTest" time="2.124">
    <failure type="java.lang.AssertionError" message="expected [true] but found [false]">
      <![CDATA[java.lang.AssertionError: expected [true] but found [false]
at testNGbasics.UsingAnnotationsAndKeywords.positiveMenuLinkFunctionalityTest(UsingAnnotationsAndKeywords.java:71)
at java.base/java.util.ArrayList.forEach(ArrayList.java:1511)
... Removed 31 stack frames]]>
    </failure>
  </testcase> <!-- positiveMenuLinkFunctionalityTest -->
  <testcase classname="testNGbasics.UsingAnnotationsAndKeywords" name="positiveSearchFunctionalityTest" time="1.986"/>
  <testcase classname="testNGbasics.DataDrivenTesting" name="positiveMenuLinkFunctionalityTest" time="0.0">
    <ignored/>
  </testcase> <!-- positiveMenuLinkFunctionalityTest -->
  <testcase classname="testNGbasics.DataDrivenTesting" name="positiveSearchFunctionalityTest" time="0.0">
    <ignored/>
  </testcase> <!-- positiveSearchFunctionalityTest -->
</testsuite> <!-- Smoke Test -->
